-------------------------------------------------------------------------------
Test set: com.codealong.vendingmachine.service.ServiceLayerImplTest
-------------------------------------------------------------------------------
Tests run: 8, Failures: 3, Errors: 0, Skipped: 0, Time elapsed: 0.053 sec <<< FAILURE!
com.codealong.vendingmachine.service.ServiceLayerImplTest.testGetItem()  Time elapsed: 0 sec  <<< FAILURE!
org.opentest4j.AssertionFailedError: expected: <null> but was: <com.codealong.vendingmachine.currencyanditem.VendableItem@1efed156>
	at org.junit.jupiter.api.AssertionUtils.fail(AssertionUtils.java:54)
	at org.junit.jupiter.api.AssertEquals.failNotEqual(AssertEquals.java:195)
	at org.junit.jupiter.api.AssertEquals.assertEquals(AssertEquals.java:184)
	at org.junit.jupiter.api.AssertEquals.assertEquals(AssertEquals.java:179)
	at org.junit.jupiter.api.Assertions.assertEquals(Assertions.java:508)
	at com.codealong.vendingmachine.service.ServiceLayerImplTest.testGetItem(ServiceLayerImplTest.java:62)

com.codealong.vendingmachine.service.ServiceLayerImplTest.testVendItem()  Time elapsed: 0 sec  <<< FAILURE!
java.lang.NullPointerException
	at com.codealong.vendingmachine.service.ServiceLayerImpl.vendItem(ServiceLayerImpl.java:69)
	at com.codealong.vendingmachine.service.ServiceLayerImplTest.testVendItem(ServiceLayerImplTest.java:161)

com.codealong.vendingmachine.service.ServiceLayerImplTest.testSetCount()  Time elapsed: 0 sec  <<< FAILURE!
java.lang.NullPointerException
	at com.codealong.vendingmachine.dao.VendingMachineDaoFileImpl.setCount(VendingMachineDaoFileImpl.java:40)
	at com.codealong.vendingmachine.service.ServiceLayerImpl.setCount(ServiceLayerImpl.java:41)
	at com.codealong.vendingmachine.service.ServiceLayerImplTest.testSetCount(ServiceLayerImplTest.java:99)

