<?xml version="1.0" encoding="UTF-8" ?>
<testsuite tests="4" failures="2" name="com.codealong.vendingmachine.dao.VendingMachineDaoFileImplTest" time="0.047" errors="0" skipped="0">
  <properties>
[...]
</properties>
  <testcase classname="com.codealong.vendingmachine.dao.VendingMachineDaoFileImplTest" name="com.codealong.vendingmachine.dao.VendingMachineDaoFileImplTest.testGetAllItems" time="0.047"/>
  <testcase classname="com.codealong.vendingmachine.dao.VendingMachineDaoFileImplTest" name="com.codealong.vendingmachine.dao.VendingMachineDaoFileImplTest.testGetItem" time="0">
    <failure message="expected: &lt;null&gt; but was: &lt;com.codealong.vendingmachine.currencyanditem.VendableItem@eec5a4a&gt;" type="org.opentest4j.AssertionFailedError">org.opentest4j.AssertionFailedError: expected: &lt;null&gt; but was: &lt;com.codealong.vendingmachine.currencyanditem.VendableItem@eec5a4a&gt;
	at org.junit.jupiter.api.AssertionUtils.fail(AssertionUtils.java:54)
	at org.junit.jupiter.api.AssertEquals.failNotEqual(AssertEquals.java:195)
	at org.junit.jupiter.api.AssertEquals.assertEquals(AssertEquals.java:184)
	at org.junit.jupiter.api.AssertEquals.assertEquals(AssertEquals.java:179)
	at org.junit.jupiter.api.Assertions.assertEquals(Assertions.java:508)
	at com.codealong.vendingmachine.dao.VendingMachineDaoFileImplTest.testGetItem(VendingMachineDaoFileImplTest.java:59)
</failure>
  </testcase>
  <testcase classname="com.codealong.vendingmachine.dao.VendingMachineDaoFileImplTest" name="com.codealong.vendingmachine.dao.VendingMachineDaoFileImplTest.testCount" time="0">
    <failure type="java.lang.NullPointerException">java.lang.NullPointerException
	at com.codealong.vendingmachine.dao.VendingMachineDaoFileImpl.setCount(VendingMachineDaoFileImpl.java:40)
	at com.codealong.vendingmachine.dao.VendingMachineDaoFileImplTest.testCount(VendingMachineDaoFileImplTest.java:72)
</failure>
  </testcase>
  <testcase classname="com.codealong.vendingmachine.dao.VendingMachineDaoFileImplTest" name="com.codealong.vendingmachine.dao.VendingMachineDaoFileImplTest.testSetCountLessThanZero" time="0"/>
</testsuite>